<?xml version="1.0" encoding="UTF-8"?>
<Site BuildName="(empty)"
	BuildStamp="20240808-1452-Experimental"
	Name="kay-ROG-Zephyrus-M16-GU604VI-GU604VI"
	Generator="ctest-3.16.3"
	CompilerName="/usr/bin/g++"
	CompilerVersion="9.4.0"
	OSName="Linux"
	Hostname="kay-ROG-Zephyrus-M16-GU604VI-GU604VI"
	OSRelease="5.15.0-117-generic"
	OSVersion="#127~20.04.1-Ubuntu SMP Thu Jul 11 15:36:12 UTC 2024"
	OSPlatform="x86_64"
	Is64Bits="1"
	VendorString="GenuineIntel"
	VendorID="Intel Corporation"
	FamilyID="6"
	ModelID="186"
	ProcessorCacheSize="24576"
	NumberOfLogicalCPU="20"
	NumberOfPhysicalCPU="14"
	TotalVirtualMemory="2047"
	TotalPhysicalMemory="63915"
	LogicalProcessorsPerPhysical="1"
	ProcessorClockFrequency="3686.27"
	>
	<Testing>
		<StartDateTime>Aug 08 23:52 KST</StartDateTime>
		<StartTestTime>1723128728</StartTestTime>
		<TestList/>
		<EndDateTime>Aug 08 23:52 KST</EndDateTime>
		<EndTestTime>1723128728</EndTestTime>
		<ElapsedMinutes>0</ElapsedMinutes>
	</Testing>
</Site>
